[    0.000000] Linux version 4.15.0-213-generic (buildd@lcy02-amd64-079) (gcc version 7.5.0 (Ubuntu 7.5.0-3ubuntu1~18.04)) #224-Ubuntu SMP Mon Jun 19 13:30:12 UTC 2023 (Ubuntu 4.15.0-213.224-generic 4.15.18)
[    0.000000] Command line: BOOT_IMAGE=/boot/vmlinuz-4.15.0-213-generic root=UUID=f685bb41-0e3b-40c4-89c1-eea0f0583525 ro console=tty1 console=ttyS0
[    0.000000] KERNEL supported cpus:
[    0.000000]   Intel GenuineIntel
[    0.000000]   AMD AuthenticAMD
[    0.000000]   Centaur CentaurHauls
[    0.000000] x86/fpu: Supporting XSAVE feature 0x001: 'x87 floating point registers'
[    0.000000] x86/fpu: Supporting XSAVE feature 0x002: 'SSE registers'
[    0.000000] x86/fpu: Supporting XSAVE feature 0x004: 'AVX registers'
[    0.000000] x86/fpu: xstate_offset[2]:  576, xstate_sizes[2]:  256
[    0.000000] x86/fpu: Enabled xstate features 0x7, context size is 832 bytes, using 'standard' format.
[    0.000000] e820: BIOS-provided physical RAM map:
[    0.000000] BIOS-e820: [mem 0x0000000000000000-0x000000000009fbff] usable
[    0.000000] BIOS-e820: [mem 0x000000000009fc00-0x000000000009ffff] reserved
[    0.000000] BIOS-e820: [mem 0x00000000000f0000-0x00000000000fffff] reserved
[    0.000000] BIOS-e820: [mem 0x0000000000100000-0x000000003ffeffff] usable
[    0.000000] BIOS-e820: [mem 0x000000003fff0000-0x000000003fffffff] ACPI data
[    0.000000] BIOS-e820: [mem 0x00000000fec00000-0x00000000fec00fff] reserved
[    0.000000] BIOS-e820: [mem 0x00000000fee00000-0x00000000fee00fff] reserved
[    0.000000] BIOS-e820: [mem 0x00000000fffc0000-0x00000000ffffffff] reserved
[    0.000000] NX (Execute Disable) protection: active
[    0.000000] SMBIOS 2.5 present.
[    0.000000] DMI: innotek GmbH VirtualBox/VirtualBox, BIOS VirtualBox 12/01/2006
[    0.000000] Hypervisor detected: KVM
[    0.000000] e820: last_pfn = 0x3fff0 max_arch_pfn = 0x400000000
[    0.000000] MTRR: Disabled
[    0.000000] x86/PAT: MTRRs disabled, skipping PAT initialization too.
[    0.000000] CPU MTRRs all blank - virtualized system.
[    0.000000] x86/PAT: Configuration [0-7]: WB  WT  UC- UC  WB  WT  UC- UC  
[    0.000000] found SMP MP-table at [mem 0x0009fff0-0x0009ffff]
[    0.000000] Scanning 1 areas for low memory corruption
[    0.000000] RAMDISK: [mem 0x35819000-0x36c03fff]
[    0.000000] ACPI: Early table checksum verification disabled
[    0.000000] ACPI: RSDP 0x00000000000E0000 000024 (v02 VBOX  )
[    0.000000] ACPI: XSDT 0x000000003FFF0030 00003C (v01 VBOX   VBOXXSDT 00000001 ASL  00000061)
[    0.000000] ACPI: FACP 0x000000003FFF00F0 0000F4 (v04 VBOX   VBOXFACP 00000001 ASL  00000061)
[    0.000000] ACPI: DSDT 0x000000003FFF0610 002353 (v02 VBOX   VBOXBIOS 00000002 INTL 20100528)
[    0.000000] ACPI: FACS 0x000000003FFF0200 000040
[    0.000000] ACPI: FACS 0x000000003FFF0200 000040
[    0.000000] ACPI: APIC 0x000000003FFF0240 000054 (v02 VBOX   VBOXAPIC 00000001 ASL  00000061)
[    0.000000] ACPI: SSDT 0x000000003FFF02A0 00036C (v01 VBOX   VBOXCPUT 00000002 INTL 20100528)
[    0.000000] ACPI: Reserving FACP table memory at [mem 0x3fff00f0-0x3fff01e3]
[    0.000000] ACPI: Reserving DSDT table memory at [mem 0x3fff0610-0x3fff2962]
[    0.000000] ACPI: Reserving FACS table memory at [mem 0x3fff0200-0x3fff023f]
[    0.000000] ACPI: Reserving FACS table memory at [mem 0x3fff0200-0x3fff023f]
[    0.000000] ACPI: Reserving APIC table memory at [mem 0x3fff0240-0x3fff0293]
[    0.000000] ACPI: Reserving SSDT table memory at [mem 0x3fff02a0-0x3fff060b]
[    0.000000] No NUMA configuration found
[    0.000000] Faking a node at [mem 0x0000000000000000-0x000000003ffeffff]
[    0.000000] NODE_DATA(0) allocated [mem 0x3ffc5000-0x3ffeffff]
[    0.000000] kvm-clock: cpu 0, msr 0:3ff44001, primary cpu clock
[    0.000000] kvm-clock: Using msrs 4b564d01 and 4b564d00
[    0.000000] kvm-clock: using sched offset of 5740732698 cycles
[    0.000000] clocksource: kvm-clock: mask: 0xffffffffffffffff max_cycles: 0x1cd42e4dffb, max_idle_ns: 881590591483 ns
[    0.000000] Zone ranges:
[    0.000000]   DMA      [mem 0x0000000000001000-0x0000000000ffffff]
[    0.000000]   DMA32    [mem 0x0000000001000000-0x000000003ffeffff]
[    0.000000]   Normal   empty
[    0.000000]   Device   empty
[    0.000000] Movable zone start for each node
[    0.000000] Early memory node ranges
[    0.000000]   node   0: [mem 0x0000000000001000-0x000000000009efff]
[    0.000000]   node   0: [mem 0x0000000000100000-0x000000003ffeffff]
[    0.000000] Reserved but unavailable: 104 pages
[    0.000000] Initmem setup node 0 [mem 0x0000000000001000-0x000000003ffeffff]
[    0.000000] ACPI: PM-Timer IO Port: 0x4008
[    0.000000] IOAPIC[0]: apic_id 1, version 32, address 0xfec00000, GSI 0-23
[    0.000000] ACPI: INT_SRC_OVR (bus 0 bus_irq 0 global_irq 2 dfl dfl)
[    0.000000] ACPI: INT_SRC_OVR (bus 0 bus_irq 9 global_irq 9 low level)
[    0.000000] Using ACPI (MADT) for SMP configuration information
[    0.000000] smpboot: Allowing 1 CPUs, 0 hotplug CPUs
[    0.000000] PM: Registered nosave memory: [mem 0x00000000-0x00000fff]
[    0.000000] PM: Registered nosave memory: [mem 0x0009f000-0x0009ffff]
[    0.000000] PM: Registered nosave memory: [mem 0x000a0000-0x000effff]
[    0.000000] PM: Registered nosave memory: [mem 0x000f0000-0x000fffff]
[    0.000000] e820: [mem 0x40000000-0xfebfffff] available for PCI devices
[    0.000000] Booting paravirtualized kernel on KVM
[    0.000000] clocksource: refined-jiffies: mask: 0xffffffff max_cycles: 0xffffffff, max_idle_ns: 7645519600211568 ns
[    0.000000] setup_percpu: NR_CPUS:8192 nr_cpumask_bits:1 nr_cpu_ids:1 nr_node_ids:1
[    0.000000] percpu: Embedded 50 pages/cpu s167936 r8192 d28672 u2097152
[    0.000000] PV qspinlock hash table entries: 256 (order: 0, 4096 bytes)
[    0.000000] Built 1 zonelists, mobility grouping on.  Total pages: 257913
[    0.000000] Policy zone: DMA32
[    0.000000] Kernel command line: BOOT_IMAGE=/boot/vmlinuz-4.15.0-213-generic root=UUID=f685bb41-0e3b-40c4-89c1-eea0f0583525 ro console=tty1 console=ttyS0
[    0.000000] Memory: 981976K/1048120K available (12300K kernel code, 2477K rwdata, 4324K rodata, 2480K init, 2720K bss, 66144K reserved, 0K cma-reserved)
[    0.000000] SLUB: HWalign=64, Order=0-3, MinObjects=0, CPUs=1, Nodes=1
[    0.000000] Kernel/User page tables isolation: enabled
[    0.000000] ftrace: allocating 39508 entries in 155 pages
[    0.004000] Hierarchical RCU implementation.
[    0.004000] 	RCU restricting CPUs from NR_CPUS=8192 to nr_cpu_ids=1.
[    0.004000] 	Tasks RCU enabled.
[    0.004000] RCU: Adjusting geometry for rcu_fanout_leaf=16, nr_cpu_ids=1
[    0.004000] NR_IRQS: 524544, nr_irqs: 256, preallocated irqs: 16
[    0.004000] random: crng init done
[    0.004000] Console: colour VGA+ 80x25
[    0.004000] console [tty1] enabled
[    0.004000] console [ttyS0] enabled
[    0.004000] ACPI: Core revision 20170831
[    0.004000] ACPI: 2 ACPI AML tables successfully acquired and loaded
[    0.004000] APIC: Switch to symmetric I/O mode setup
[    0.004000] x2apic enabled
[    0.004014] Switched APIC routing to physical x2apic.
[    0.012000] ..TIMER: vector=0x30 apic1=0 pin1=2 apic2=-1 pin2=-1
[    0.012010] tsc: Detected 1696.076 MHz processor
[    0.016025] Calibrating delay loop (skipped) preset value.. 3392.15 BogoMIPS (lpj=6784304)
[    0.020020] pid_max: default: 32768 minimum: 301
[    0.024160] Security Framework initialized
[    0.028012] Yama: becoming mindful.
[    0.030857] AppArmor: AppArmor initialized
[    0.032483] Dentry cache hash table entries: 131072 (order: 8, 1048576 bytes)
[    0.036200] Inode-cache hash table entries: 65536 (order: 7, 524288 bytes)
[    0.040070] Mount-cache hash table entries: 2048 (order: 2, 16384 bytes)
[    0.044020] Mountpoint-cache hash table entries: 2048 (order: 2, 16384 bytes)
[    0.049136] process: using mwait in idle threads
[    0.052029] Last level iTLB entries: 4KB 1024, 2MB 1024, 4MB 1024
[    0.056012] Last level dTLB entries: 4KB 1024, 2MB 1024, 4MB 1024, 1GB 4
[    0.060009] Spectre V1 : Mitigation: usercopy/swapgs barriers and __user pointer sanitization
[    0.064012] Spectre V2 : Mitigation: Retpolines
[    0.068007] Spectre V2 : Spectre v2 / SpectreRSB mitigation: Filling RSB on context switch
[    0.072008] Spectre V2 : Spectre v2 / SpectreRSB : Filling RSB on VMEXIT
[    0.076008] Speculative Store Bypass: Vulnerable
[    0.080141] MDS: Vulnerable: Clear CPU buffers attempted, no microcode
[    0.084006] MMIO Stale Data: Unknown: No mitigations
[    0.088008] SRBDS: Unknown: Dependent on hypervisor status
[    0.132850] Freeing SMP alternatives memory: 36K
[    0.249862] smpboot: CPU0: Intel(R) Core(TM) i3-4010U CPU @ 1.70GHz (family: 0x6, model: 0x45, stepping: 0x1)
[    0.252218] Performance Events: unsupported p6 CPU model 69 no PMU driver, software events only.
[    0.256100] Hierarchical SRCU implementation.
[    0.261368] NMI watchdog: Perf event create on CPU 0 failed with -2
[    0.264006] NMI watchdog: Perf NMI watchdog permanently disabled
[    0.268135] smp: Bringing up secondary CPUs ...
[    0.272010] smp: Brought up 1 node, 1 CPU
[    0.276007] smpboot: Max logical packages: 1
[    0.280008] smpboot: Total of 1 processors activated (3392.15 BogoMIPS)
[    0.284036] devtmpfs: initialized
[    0.286280] x86/mm: Memory block size: 128MB
[    0.288807] evm: security.selinux
[    0.292012] evm: security.SMACK64
[    0.294193] evm: security.SMACK64EXEC
[    0.296006] evm: security.SMACK64TRANSMUTE
[    0.298422] evm: security.SMACK64MMAP
[    0.300005] evm: security.apparmor
[    0.304018] evm: security.ima
[    0.306054] evm: security.capability
[    0.308485] clocksource: jiffies: mask: 0xffffffff max_cycles: 0xffffffff, max_idle_ns: 7645041785100000 ns
[    0.312025] futex hash table entries: 256 (order: 2, 16384 bytes)
[    0.316108] pinctrl core: initialized pinctrl subsystem
[    0.324069] RTC time:  9:22:27, date: 11/26/24
[    0.327875] NET: Registered protocol family 16
[    0.328434] audit: initializing netlink subsys (disabled)
[    0.332519] cpuidle: using governor ladder
[    0.336014] audit: type=2000 audit(1732612954.842:1): state=initialized audit_enabled=0 res=1
[    0.340012] cpuidle: using governor menu
[    0.344260] ACPI: bus type PCI registered
[    0.348007] acpiphp: ACPI Hot Plug PCI Controller Driver version: 0.5
[    0.352180] PCI: Using configuration type 1 for base access
[    0.363462] HugeTLB registered 2.00 MiB page size, pre-allocated 0 pages
[    0.368500] ACPI: Added _OSI(Module Device)
[    0.372008] ACPI: Added _OSI(Processor Device)
[    0.374661] ACPI: Added _OSI(3.0 _SCP Extensions)
[    0.376008] ACPI: Added _OSI(Processor Aggregator Device)
[    0.380017] ACPI: Added _OSI(Linux-Dell-Video)
[    0.382699] ACPI: Added _OSI(Linux-Lenovo-NV-HDMI-Audio)
[    0.384008] ACPI: Added _OSI(Linux-HPI-Hybrid-Graphics)
[    0.392355] ACPI: Executed 1 blocks of module-level executable AML code
[    0.419388] ACPI: Interpreter enabled
[    0.420055] ACPI: (supports S0 S5)
[    0.424007] ACPI: Using IOAPIC for interrupt routing
[    0.428445] PCI: Using host bridge windows from ACPI; if necessary, use "pci=nocrs" and report a bug
[    0.432797] ACPI: Enabled 2 GPEs in block 00 to 07
[    0.473947] ACPI: PCI Root Bridge [PCI0] (domain 0000 [bus 00-ff])
[    0.476029] acpi PNP0A03:00: _OSC: OS supports [ASPM ClockPM Segments MSI]
[    0.486417] acpi PNP0A03:00: _OSC: not requesting OS control; OS requires [ExtendedConfig ASPM ClockPM MSI]
[    0.488069] acpi PNP0A03:00: fail to add MMCONFIG information, can't access extended PCI configuration space under this bridge.
[    0.497575] PCI host bridge to bus 0000:00
[    0.500021] pci_bus 0000:00: root bus resource [io  0x0000-0x0cf7 window]
[    0.504020] pci_bus 0000:00: root bus resource [io  0x0d00-0xffff window]
[    0.508019] pci_bus 0000:00: root bus resource [mem 0x000a0000-0x000bffff window]
[    0.512019] pci_bus 0000:00: root bus resource [mem 0x40000000-0xfdffffff window]
[    0.516020] pci_bus 0000:00: root bus resource [bus 00-ff]
[    0.529136] pci 0000:00:01.1: legacy IDE quirk: reg 0x10: [io  0x01f0-0x01f7]
[    0.532017] pci 0000:00:01.1: legacy IDE quirk: reg 0x14: [io  0x03f6]
[    0.536018] pci 0000:00:01.1: legacy IDE quirk: reg 0x18: [io  0x0170-0x0177]
[    0.540011] pci 0000:00:01.1: legacy IDE quirk: reg 0x1c: [io  0x0376]
[    0.597362] pci 0000:00:07.0: quirk: [io  0x4000-0x403f] claimed by PIIX4 ACPI
[    0.600063] pci 0000:00:07.0: quirk: [io  0x4100-0x410f] claimed by PIIX4 SMB
[    0.642209] ACPI: PCI Interrupt Link [LNKA] (IRQs 5 9 10 *11)
[    0.645930] ACPI: PCI Interrupt Link [LNKB] (IRQs 5 9 *10 11)
[    0.648540] ACPI: PCI Interrupt Link [LNKC] (IRQs 5 *9 10 11)
[    0.652593] ACPI: PCI Interrupt Link [LNKD] (IRQs 5 9 10 *11)
[    0.657488] SCSI subsystem initialized
[    0.660303] pci 0000:00:02.0: vgaarb: setting as boot VGA device
[    0.663993] pci 0000:00:02.0: vgaarb: VGA device added: decodes=io+mem,owns=io+mem,locks=none
[    0.664019] pci 0000:00:02.0: vgaarb: bridge control possible
[    0.668007] vgaarb: loaded
[    0.672120] ACPI: bus type USB registered
[    0.674742] usbcore: registered new interface driver usbfs
[    0.676038] usbcore: registered new interface driver hub
[    0.680036] usbcore: registered new device driver usb
[    0.684174] EDAC MC: Ver: 3.0.0
[    0.688800] PCI: Using ACPI for IRQ routing
[    0.692125] NetLabel: Initializing
[    0.694245] NetLabel:  domain hash size = 128
[    0.696005] NetLabel:  protocols = UNLABELED CIPSOv4 CALIPSO
[    0.699604] NetLabel:  unlabeled traffic allowed by default
[    0.704380] clocksource: Switched to clocksource kvm-clock
[    0.784227] VFS: Disk quotas dquot_6.6.0
[    0.787566] VFS: Dquot-cache hash table entries: 512 (order 0, 4096 bytes)
[    0.793108] AppArmor: AppArmor Filesystem Enabled
[    0.796415] pnp: PnP ACPI init
[    0.803555] pnp: PnP ACPI: found 3 devices
[    0.815511] clocksource: acpi_pm: mask: 0xffffff max_cycles: 0xffffff, max_idle_ns: 2085701024 ns
[    0.821858] NET: Registered protocol family 2
[    0.824905] IP idents hash table entries: 16384 (order: 5, 131072 bytes)
[    0.829572] TCP established hash table entries: 8192 (order: 4, 65536 bytes)
[    0.833685] TCP bind hash table entries: 8192 (order: 5, 131072 bytes)
[    0.837478] TCP: Hash tables configured (established 8192 bind 8192)
[    0.848310] UDP hash table entries: 512 (order: 2, 16384 bytes)
[    0.852468] UDP-Lite hash table entries: 512 (order: 2, 16384 bytes)
[    0.857054] NET: Registered protocol family 1
[    0.859967] pci 0000:00:00.0: Limiting direct PCI/PCI transfers
[    0.863642] pci 0000:00:01.0: Activating ISA DMA hang workarounds
[    0.867544] pci 0000:00:02.0: Video device with shadowed ROM at [mem 0x000c0000-0x000dffff]
[    0.872865] Unpacking initramfs...
[    2.290337] Freeing initrd memory: 20396K
[    2.293955] clocksource: tsc: mask: 0xffffffffffffffff max_cycles: 0x1872ac648f5, max_idle_ns: 440795213854 ns
[    2.301782] platform rtc_cmos: registered platform RTC device (no PNP device found)
[    2.309102] Scanning for low memory corruption every 60 seconds
[    2.314750] Initialise system trusted keyrings
[    2.317806] Key type blacklist registered
[    2.320698] workingset: timestamp_bits=36 max_order=18 bucket_order=0
[    2.331298] zbud: loaded
[    2.335113] squashfs: version 4.0 (2009/01/31) Phillip Lougher
[    2.339023] fuse init (API version 7.26)
[    2.345109] Key type asymmetric registered
[    2.347790] Asymmetric key parser 'x509' registered
[    2.351213] Block layer SCSI generic (bsg) driver version 0.4 loaded (major 246)
[    2.355847] io scheduler noop registered
[    2.358242] io scheduler deadline registered
[    2.360906] io scheduler cfq registered (default)
[    2.364622] ACPI: AC Adapter [AC] (on-line)
[    2.367442] input: Power Button as /devices/LNXSYSTM:00/LNXPWRBN:00/input/input0
[    2.371891] ACPI: Power Button [PWRF]
[    2.374473] input: Sleep Button as /devices/LNXSYSTM:00/LNXSLPBN:00/input/input1
[    2.378926] ACPI: Sleep Button [SLPF]
[    2.382133] Serial: 8250/16550 driver, 32 ports, IRQ sharing enabled
[    2.408064] 00:02: ttyS0 at I/O 0x3f8 (irq = 4, base_baud = 115200) is a 16550A
[    2.419215] Linux agpgart interface v0.103
[    2.425757] loop: module loaded
[    2.429862] scsi host0: ata_piix
[    2.432368] scsi host1: ata_piix
[    2.434515] ata1: PATA max UDMA/33 cmd 0x1f0 ctl 0x3f6 bmdma 0xd000 irq 14
[    2.438649] ata2: PATA max UDMA/33 cmd 0x170 ctl 0x376 bmdma 0xd008 irq 15
[    2.443753] tun: Universal TUN/TAP device driver, 1.6
[    2.446796] PPP generic driver version 2.4.2
[    2.449524] ehci_hcd: USB 2.0 'Enhanced' Host Controller (EHCI) Driver
[    2.453361] ehci-pci: EHCI PCI platform driver
[    2.455981] ehci-platform: EHCI generic platform driver
[    2.459298] ohci_hcd: USB 1.1 'Open' Host Controller (OHCI) Driver
[    2.463155] ohci-pci: OHCI PCI platform driver
[    2.465810] ohci-platform: OHCI generic platform driver
[    2.468831] uhci_hcd: USB Universal Host Controller Interface driver
[    2.472817] i8042: PNP: PS/2 Controller [PNP0303:PS2K,PNP0f03:PS2M] at 0x60,0x64 irq 1,12
[    2.478932] serio: i8042 KBD port at 0x60,0x64 irq 1
[    2.481904] serio: i8042 AUX port at 0x60,0x64 irq 12
[    2.485049] mousedev: PS/2 mouse device common for all mice
[    2.489156] input: AT Translated Set 2 keyboard as /devices/platform/i8042/serio0/input/input2
[    2.495733] rtc_cmos rtc_cmos: rtc core: registered rtc_cmos as rtc0
[    2.500644] rtc_cmos rtc_cmos: alarms up to one day, 114 bytes nvram
[    2.504995] i2c /dev entries driver
[    2.507926] device-mapper: uevent: version 1.0.3
[    2.511086] device-mapper: ioctl: 4.37.0-ioctl (2017-09-20) initialised: dm-devel@redhat.com
[    2.516252] ledtrig-cpu: registered to indicate activity on CPUs
[    2.520717] NET: Registered protocol family 10
[    2.534072] Segment Routing with IPv6
[    2.536068] NET: Registered protocol family 17
[    2.539779] Key type dns_resolver registered
[    2.543224] mce: Using 0 MCE banks
[    2.546031] RAS: Correctable Errors collector initialized.
[    2.550326] sched_clock: Marking stable (2550198784, 0)->(3265822126, -715623342)
[    2.557027] registered taskstats version 1
[    2.560269] Loading compiled-in X.509 certificates
[    2.571124] Loaded X.509 cert 'Build time autogenerated kernel key: cdc7189136aaa35407544516090e2034d9c28e14'
[    2.578859] Loaded X.509 cert 'Canonical Ltd. Live Patch Signing: 14df34d1a87cf37625abec039ef2bf521249b969'
[    2.588830] Loaded X.509 cert 'Canonical Ltd. Kernel Module Signing: 88f752e560a1e0737e31163a466ad7b70a850c19'
[    2.596315] blacklist: Loading compiled-in revocation X.509 certificates
[    2.600027] Loaded X.509 cert 'Canonical Ltd. Secure Boot Signing: 61482aa2830d0ab2ad5af10b7250da9033ddcef0'
[    2.635862] Loaded X.509 cert 'Canonical Ltd. Secure Boot Signing (2017): 242ade75ac4a15e50d50c84b0d45ff3eae707a03'
[    2.642462] Loaded X.509 cert 'Canonical Ltd. Secure Boot Signing (ESM 2018): 365188c1d374d6b07c3c8f240f8ef722433d6a8b'
[    2.648621] Loaded X.509 cert 'Canonical Ltd. Secure Boot Signing (2019): c0746fd6c5da3ae827864651ad66ae47fe24b3e8'
[    2.654749] Loaded X.509 cert 'Canonical Ltd. Secure Boot Signing (2021 v1): a8d54bbb3825cfb94fa13c9f8a594a195c107b8d'
[    2.661359] Loaded X.509 cert 'Canonical Ltd. Secure Boot Signing (2021 v2): 4cf046892d6fd3c9a5b03f98d845f90851dc6a8c'
[    2.667569] Loaded X.509 cert 'Canonical Ltd. Secure Boot Signing (2021 v3): 100437bb6de6e469b581e61cd66bce3ef4ed53af'
[    2.673859] Loaded X.509 cert 'Canonical Ltd. Secure Boot Signing (Ubuntu Core 2019): c1d57b8f6b743f23ee41f4f7ee292f06eecadfb9'
[    2.680666] zswap: loaded using pool lzo/zbud
[    2.693383] Key type big_key registered
[    2.696068] Key type trusted registered
[    2.703576] Key type encrypted registered
[    2.706528] AppArmor: AppArmor sha1 policy hashing enabled
[    2.710159] ima: No TPM chip found, activating TPM-bypass! (rc=-19)
[    2.713650] ima: Allocated hash algorithm: sha1
[    2.716690] evm: HMAC attrs: 0x1
[    2.720276]   Magic number: 0:761:374
[    2.723169] acpi LNXVIDEO:00: hash matches
[    2.726552] rtc_cmos rtc_cmos: setting system clock to 2024-11-26 09:22:30 UTC (1732612950)
[    2.733209] BIOS EDD facility v0.16 2004-Jun-25, 0 devices found
[    2.737082] EDD information not available.
[    2.761236] Freeing unused kernel image memory: 2480K
[    2.772512] Write protecting the kernel read-only data: 20480k
[    2.779143] Freeing unused kernel image memory: 2008K
[    2.784467] Freeing unused kernel image memory: 1820K
[    2.863279] x86/mm: Checked W+X mappings: passed, no W+X pages found.
[    2.867750] x86/mm: Checking user space page tables
[    2.933548] x86/mm: Checked W+X mappings: passed, no W+X pages found.
Loading, please wait...
starting version 237
[    3.319379] Fusion MPT base driver 3.04.20
[    3.322383] Copyright (c) 1999-2008 LSI Corporation
[    3.329387] e1000: Intel(R) PRO/1000 Network Driver - version 7.3.21-k8-NAPI
[    3.335342] e1000: Copyright (c) 1999-2006 Intel Corporation.
[    3.431982] Fusion MPT SPI Host driver 3.04.20
[    3.496412] AVX2 version of gcm_enc/dec engaged.
[    3.499567] AES CTR mode by8 optimization enabled
[    3.570827] input: ImExPS/2 Generic Explorer Mouse as /devices/platform/i8042/serio1/input/input4
[    4.154863] e1000 0000:00:03.0 eth0: (PCI:33MHz:32-bit) 02:3b:7b:b7:3b:2d
[    4.164578] e1000 0000:00:03.0 eth0: Intel(R) PRO/1000 Network Connection
[    4.173349] mptbase: ioc0: Initiating bringup
[    4.285272] ioc0: LSI53C1030 A0: Capabilities={Initiator}
[    4.531973] scsi host2: ioc0: LSI53C1030 A0, FwRev=00000000h, Ports=1, MaxQ=256, IRQ=20
[    4.705128] scsi 2:0:0:0: Direct-Access     VBOX     HARDDISK         1.0  PQ: 0 ANSI: 5
[    4.720838] scsi target2:0:0: Beginning Domain Validation
[    4.727088] scsi target2:0:0: Domain Validation skipping write tests
[    4.731232] scsi target2:0:0: Ending Domain Validation
[    4.734914] scsi target2:0:0: asynchronous
[    4.738892] scsi 2:0:1:0: Direct-Access     VBOX     HARDDISK         1.0  PQ: 0 ANSI: 5
[    4.743841] scsi target2:0:1: Beginning Domain Validation
[    4.749296] scsi target2:0:1: Domain Validation skipping write tests
[    4.752998] scsi target2:0:1: Ending Domain Validation
[    4.763205] scsi target2:0:1: asynchronous
[    4.890272] sd 2:0:0:0: Attached scsi generic sg0 type 0
[    4.894086] sd 2:0:0:0: [sda] 83886080 512-byte logical blocks: (42.9 GB/40.0 GiB)
[    4.908642] sd 2:0:1:0: [sdb] 20480 512-byte logical blocks: (10.5 MB/10.0 MiB)
[    4.914131] sd 2:0:1:0: Attached scsi generic sg1 type 0
[    4.917739] sd 2:0:0:0: [sda] Write Protect is off
[    4.921463] sd 2:0:1:0: [sdb] Write Protect is off
[    4.925111] sd 2:0:1:0: [sdb] Incomplete mode parameter data
[    4.929073] sd 2:0:1:0: [sdb] Assuming drive cache: write through
[    4.933192] sd 2:0:0:0: [sda] Incomplete mode parameter data
[    4.936815] sd 2:0:0:0: [sda] Assuming drive cache: write through
[    4.958451]  sda: sda1
[    4.962801] sd 2:0:1:0: [sdb] Attached SCSI disk
[    4.982161] sd 2:0:0:0: [sda] Attached SCSI disk
[    5.441836] e1000 0000:00:08.0 eth1: (PCI:33MHz:32-bit) 08:00:27:c3:78:43
[    5.446407] e1000 0000:00:08.0 eth1: Intel(R) PRO/1000 Network Connection
[    5.454127] e1000 0000:00:08.0 enp0s8: renamed from eth1
[    5.466759] e1000 0000:00:03.0 enp0s3: renamed from eth0
Begin: Loading essential drivers ... [    8.434713] raid6: sse2x1   gen()   496 MB/s
[    8.488115] raid6: sse2x1   xor()   436 MB/s
[    8.540075] raid6: sse2x2   gen()  2611 MB/s
[    8.588080] raid6: sse2x2   xor()  1204 MB/s
[    8.636079] raid6: sse2x4   gen()  3366 MB/s
[    8.684089] raid6: sse2x4   xor()  1938 MB/s
[    8.732137] raid6: avx2x1   gen()  2558 MB/s
[    8.780061] raid6: avx2x1   xor()  1473 MB/s
[    8.828049] raid6: avx2x2   gen()  4642 MB/s
[    8.876066] raid6: avx2x2   xor()  2453 MB/s
[    8.924058] raid6: avx2x4   gen()  6384 MB/s
[    8.972081] raid6: avx2x4   xor()  4119 MB/s
[    8.975372] raid6: using algorithm avx2x4 gen() 6384 MB/s
[    8.980494] raid6: .... xor() 4119 MB/s, rmw enabled
[    8.984371] raid6: using avx2x2 recovery algorithm
[    8.992631] xor: automatically using best checksumming function   avx       
[    9.002808] async_tx: api initialized (async)
done.
Begin: Running /scripts/init-premount ... done.
Begin: Mounting root file system ... Begin: Running /scripts/local-top ... done.
Begin: Running /scripts/local-premount ... [    9.243933] Btrfs loaded, crc32c=crc32c-intel
Scanning for Btrfs filesystems
done.
Begin: Will now check root file system ... fsck from util-linux 2.31.1
[/sbin/fsck.ext4 (1) -- /dev/sda1] fsck.ext4 -a -C0 /dev/sda1 
cloudimg-rootfs: recovering journal
cloudimg-rootfs: clean, 103461/5120000 files, 1058550/10485499 blocks
done.
[    9.743878] EXT4-fs (sda1): mounted filesystem with ordered data mode. Opts: (null)
done.
Begin: Running /scripts/local-bottom ... done.
Begin: Running /scripts/init-bottom ... done.
[   10.170696] ip_tables: (C) 2000-2006 Netfilter Core Team
[   10.196153] systemd[1]: systemd 237 running in system mode. (+PAM +AUDIT +SELINUX +IMA +APPARMOR +SMACK +SYSVINIT +UTMP +LIBCRYPTSETUP +GCRYPT +GNUTLS +ACL +XZ +LZ4 +SECCOMP +BLKID +ELFUTILS +KMOD -IDN2 +IDN -PCRE2 default-hierarchy=hybrid)
[   10.208554] systemd[1]: Detected virtualization oracle.
[   10.212000] systemd[1]: Detected architecture x86-64.

Welcome to [1mUbuntu 18.04.6 LTS[0m!

[   10.223111] systemd[1]: Set hostname to <kubenode4>.
[   10.776284] systemd[1]: Reached target Swap.
[[0;32m  OK  [0m] Reached target Swap.
[   10.791124] systemd[1]: Set up automount Arbitrary Executable File Formats File System Automount Point.
[[0;32m  OK  [0m] Set up automount Arbitrary Executab…rmats File System Automount Point.
[   10.803000] systemd[1]: Reached target System Time Synchronized.
[[0;32m  OK  [0m] Reached target System Time Synchronized.
[   10.810446] systemd[1]: Reached target Mounting snaps.
[[0;32m  OK  [0m] Reached target Mounting snaps.
[   10.815756] systemd[1]: Reached target Mounted snaps.
[[0;32m  OK  [0m] Reached target Mounted snaps.
[   10.821563] systemd[1]: Reached target User and Group Name Lookups.
[[0;32m  OK  [0m] Reached target User and Group Name Lookups.
[[0;32m  OK  [0m] Created slice User and Session Slice.
[[0;32m  OK  [0m] Created slice System Slice.
[[0;32m  OK  [0m] Listening on udev Kernel Socket.
[[0;32m  OK  [0m] Listening on LVM2 poll daemon socket.
[[0;32m  OK  [0m] Listening on Journal Socket.
         Starting Set the console keyboard layout...
         Mounting POSIX Message Queue File System...
[[0;32m  OK  [0m] Listening on LVM2 metadata daemon socket.
[[0;32m  OK  [0m] Reached target Slices.
         Mounting Kernel Debug File System...
         Starting Uncomplicated firewall...
[[0;32m  OK  [0m] Listening on udev Control Socket.
         Starting udev Coldplug all Devices...
         Starting Create list of required st…ce nodes for the current kernel...
[[0;32m  OK  [0m] Listening on Journal Socket (/dev/log).
[[0;32m  OK  [0m] Listening on Device-mapper event daemon FIFOs.
         Starting Monitoring of LVM2 mirrors…ng dmeventd or progress polling...
[[0;32m  OK  [0m] Listening on Syslog Socket.
[[0;32m  OK  [0m] Listening on fsck to fsckd communication Socket.
[[0;32m  OK  [0m] Created slice system-serial\x2dgetty.slice.
[[0;32m  OK  [0m] Listening on /dev/initctl Compatibility Named Pipe.
[[0;32m  OK  [0m] Listening on Network Service Netlink Socket.
[[0;32m  OK  [0m] Listening on Journal Audit Socket.
         Starting Journal Service...
         Starting Load Kernel Modules...
         Starting Remount Root and Kernel File Systems...
         Mounting Huge Pages File System...
[[0;32m  OK  [0m] Started Forward Password Requests to Wall Directory Watch.
[[0;32m  OK  [0m] Mounted POSIX Message Queue File System.
[[0;32m  OK  [0m] Mounted Kernel Debug File System.
[[0;32m  OK  [0m] Started Uncomplicated firewall.
[[0;32m  OK  [0m] Started Create list of required sta…vice nodes for the current kernel.
[[0;32m  OK  [0m] Mounted Huge Pages File System.
         Starting Create Static Device Nodes in /dev...
[   11.176848] Loading iSCSI transport class v2.0-870.
[   11.180664] EXT4-fs (sda1): re-mounted. Opts: (null)
[[0;32m  OK  [0m] Started Remount Root and Kernel File Systems.
         Starting Load/Save Random Seed...
[[0;32m  OK  [0m] Started Create Static Device Nodes in /dev.
         Starting udev Kernel Device Manager...
[   11.340978] iscsi: registered transport (tcp)
[[0;32m  OK  [0m] Started Load/Save Random Seed.
[[0;32m  OK  [0m] Started LVM2 metadata daemon.
[[0;32m  OK  [0m] Started udev Kernel Device Manager.
[[0;32m  OK  [0m] Started Monitoring of LVM2 mirrors,…sing dmeventd or progress polling.
[   11.617838] iscsi: registered transport (iser)
[[0;32m  OK  [0m] Started Load Kernel Modules.
         Mounting Kernel Configuration File System...
         Starting Apply Kernel Variables...
         Mounting FUSE Control File System...
[[0;32m  OK  [0m] Mounted FUSE Control File System.
[[0;32m  OK  [0m] Mounted Kernel Configuration File System.
[[0;32m  OK  [0m] Started Apply Kernel Variables.
[[0;32m  OK  [0m] Started Journal Service.
         Starting Flush Journal to Persistent Storage...
[[0;32m  OK  [0m] Started udev Coldplug all Devices.
[[0;32m  OK  [0m] Started Flush Journal to Persistent Storage.
[[0;32m  OK  [0m] Started Set the console keyboard layout.
[[0;32m  OK  [0m] Reached target Local File Systems (Pre).
[[0;32m  OK  [0m] Reached target Local File Systems.
         Starting Create Volatile Files and Directories...
         Starting AppArmor initialization...
         Starting Tell Plymouth To Write Out Runtime Data...
         Starting ebtables ruleset management...
         Starting Set console font and keymap...
[[0;32m  OK  [0m] Started Dispatch Password Requests to Console Directory Watch.
[[0;32m  OK  [0m] Reached target Local Encrypted Volumes.
[[0;32m  OK  [0m] Started Tell Plymouth To Write Out Runtime Data.
[[0;32m  OK  [0m] Started Set console font and keymap.
[[0;32m  OK  [0m] Started Create Volatile Files and Directories.
         Starting Update UTMP about System Boot/Shutdown...
[[0;32m  OK  [0m] Started Update UTMP about System Boot/Shutdown.
[[0;32m  OK  [0m] Started ebtables ruleset management.
[[0;32m  OK  [0m] Started AppArmor initialization.
         Starting Load AppArmor profiles managed internally by snapd...
         Starting Initial cloud-init job (pre-networking)...
         Mounting Arbitrary Executable File Formats File System...
[[0;32m  OK  [0m] Mounted Arbitrary Executable File Formats File System.
[[0;32m  OK  [0m] Started Load AppArmor profiles managed internally by snapd.
[[0;32m  OK  [0m] Found device /dev/ttyS0.
[[0;32m  OK  [0m] Listening on Load/Save RF Kill Switch Status /dev/rfkill Watch.
[   19.054956] cloud-init[517]: Cloud-init v. 23.1.2-0ubuntu0~18.04.1 running 'init-local' at Tue, 26 Nov 2024 09:22:46 +0000. Up 18.38 seconds.
[[0;32m  OK  [0m] Started Initial cloud-init job (pre-networking).
[[0;32m  OK  [0m] Reached target Network (Pre).
         Starting Network Service...
[[0;32m  OK  [0m] Started Network Service.
         Starting Network Name Resolution...
         Starting Wait for Network to be Configured...
[[0;32m  OK  [0m] Started Network Name Resolution.
[[0;32m  OK  [0m] Reached target Network.
[[0;32m  OK  [0m] Reached target Host and Network Name Lookups.
[[0;32m  OK  [0m] Started Wait for Network to be Configured.
         Starting Initial cloud-init job (metadata service crawler)...
[   24.192955] cloud-init[650]: Cloud-init v. 23.1.2-0ubuntu0~18.04.1 running 'init' at Tue, 26 Nov 2024 09:22:51 +0000. Up 23.53 seconds.
[   24.205550] cloud-init[650]: ci-info: ++++++++++++++++++++++++++++++++++++++Net device info+++++++++++++++++++++++++++++++++++++++
[   24.216270] cloud-init[650]: ci-info: +--------+------+-----------------------------+---------------+--------+-------------------+
[   24.223396] cloud-init[650]: ci-info: | Device |  Up  |           Address           |      Mask     | Scope  |     Hw-Address    |
[   24.236415] cloud-init[650]: ci-info: +--------+------+-----------------------------+---------------+--------+-------------------+
[   24.245110] cloud-init[650]: ci-info: | enp0s3 | True |          10.0.2.15          | 255.255.255.0 | global | 02:3b:7b:b7:3b:2d |
[   24.260910] cloud-init[650]: ci-info: | enp0s3 | True |  fe80::3b:7bff:feb7:3b2d/64 |       .       |  link  | 02:3b:7b:b7:3b:2d |
[   24.268714] cloud-init[650]: ci-info: | enp0s8 | True |         192.168.1.3         | 255.255.255.0 | global | 08:00:27:c3:78:43 |
[   24.276729] cloud-init[650]: ci-info: | enp0s8 | True | fe80::a00:27ff:fec3:7843/64 |       .       |  link  | 08:00:27:c3:78:43 |
[   24.283781] cloud-init[650]: ci-info: |   lo   | True |          127.0.0.1          |   255.0.0.0   |  host  |         .         |
[   24.296442] cloud-init[650]: ci-info: |   lo   | True |           ::1/128           |       .       |  host  |         .         |
[   24.303349] cloud-init[650]: ci-info: +--------+------+-----------------------------+---------------+--------+-------------------+
[   24.309368] cloud-init[650]: ci-info: ++++++++++++++++++++++++++++Route IPv4 info+++++++++++++++++++++++++++++
[   24.320463] cloud-init[650]: ci-info: +-------+-------------+----------+-----------------+-----------+-------+
[   24.328781] cloud-init[650]: ci-info: | Route | Destination | Gateway  |     Genmask     | Interface | Flags |
[   24.340786] cloud-init[650]: ci-info: +-------+-------------+----------+-----------------+-----------+-------+
[   24.348797] cloud-init[650]: ci-info: |   0   |   0.0.0.0   | 10.0.2.2 |     0.0.0.0     |   enp0s3  |   UG  |
[   24.359952] cloud-init[650]: ci-info: |   1   |   10.0.2.0  | 0.0.0.0  |  255.255.255.0  |   enp0s3  |   U   |
[   24.376718] cloud-init[650]: ci-info: |   2   |   10.0.2.2  | 0.0.0.0  | 255.255.255.255 |   enp0s3  |   UH  |
[   24.388760] cloud-init[650]: ci-info: |   3   | 192.168.1.0 | 0.0.0.0  |  255.255.255.0  |   enp0s8  |   U   |
[   24.396820] cloud-init[650]: ci-info: +-------+-------------+----------+-----------------+-----------+-------+
[   24.416432] cloud-init[650]: ci-info: +++++++++++++++++++Route IPv6 info+++++++++++++++++++
[   24.424485] cloud-init[650]: ci-info: +-------+-------------+---------+-----------+-------+
[   24.436747] cloud-init[650]: ci-info: | Route | Destination | Gateway | Interface | Flags |
[   24.444759] cloud-init[650]: ci-info: +-------+-------------+---------+-----------+-------+
[   24.452692] cloud-init[650]: ci-info: |   1   |  fe80::/64  |    ::   |   enp0s8  |   U   |
[   24.463658] cloud-init[650]: ci-info: |   2   |  fe80::/64  |    ::   |   enp0s3  |   U   |
[   24.472396] cloud-init[650]: ci-info: |   4   |    local    |    ::   |   enp0s3  |   U   |
[   24.476420] cloud-init[650]: ci-info: |   5   |    local    |    ::   |   enp0s8  |   U   |
[   24.484412] cloud-init[650]: ci-info: |   6   |   ff00::/8  |    ::   |   enp0s8  |   U   |
[   24.492657] cloud-init[650]: ci-info: |   7   |   ff00::/8  |    ::   |   enp0s3  |   U   |
[   24.508432] cloud-init[650]: ci-info: +-------+-------------+---------+-----------+-------+
[[0;32m  OK  [0m] Started Initial cloud-init job (metadata service crawler).
[[0;32m  OK  [0m] Reached target Cloud-config availability.
[[0;32m  OK  [0m] Reached target Network is Online.
         Starting Availability of block devices...
[[0;32m  OK  [0m] Reached target Remote File Systems (Pre).
         Mounting /vagrant...
[[0;32m  OK  [0m] Reached target System Initialization.
         Starting Docker Socket for the API.
[[0;32m  OK  [0m] Started Discard unused blocks once a week.
[[0;32m  OK  [0m] Listening on ACPID Listen Socket.
         Starting Socket activation for snappy daemon.
[[0;32m  OK  [0m] Started Ubuntu Advantage Timer for running repeated jobs.
[[0;32m  OK  [0m] Started Daily apt download activities.
[[0;32m  OK  [0m] Started ACPI Events Check.
[[0;32m  OK  [0m] Reached target Paths.
[[0;32m  OK  [0m] Listening on UUID daemon activation socket.
[[0;32m  OK  [0m] Listening on D-Bus System Message Bus Socket.
[[0;32m  OK  [0m] Started Daily Cleanup of Temporary Directories.
         Starting LXD - unix socket.
[[0;32m  OK  [0m] Listening on Open-iSCSI iscsid Socket.
[[0;32m  OK  [0m] Started Message of the Day.
[[0;32m  OK  [0m] Started Daily apt upgrade and clean activities.
[[0;32m  OK  [0m] Reached target Timers.
[[0;32m  OK  [0m] Listening on cloud-init hotplug hook socket.
[[0;32m  OK  [0m] Started Availability of block devices.
[[0;32m  OK  [0m] Mounted /vagrant.
[[0;32m  OK  [0m] Listening on Docker Socket for the API.
[[0;32m  OK  [0m] Listening on Socket activation for snappy daemon.
[[0;32m  OK  [0m] Listening on LXD - unix socket.
[[0;32m  OK  [0m] Reached target Sockets.
[[0;32m  OK  [0m] Reached target Basic System.
         Starting Virtualbox guest utils...
         Starting Login Service...
[[0;32m  OK  [0m] Started Deferred execution scheduler.
[[0;32m  OK  [0m] Started kubelet: The Kubernetes Node Agent.
[[0;32m  OK  [0m] Started FUSE filesystem for LXC.
         Starting Accounts Service...
[[0;32m  OK  [0m] Started irqbalance daemon.
         Starting Message of the Day...
         Starting LSB: Record successful boot for GRUB...
[[0;32m  OK  [0m] Started Regular background program processing daemon.
         Starting LXD - container startup/shutdown...
         Starting Dispatcher daemon for systemd-networkd...
         Starting OpenBSD Secure Shell server...
[[0;32m  OK  [0m] Started D-Bus System Message Bus.
[[0;32m  OK  [0m] Started Login Service.
[[0;32m  OK  [0m] Started Unattended Upgrades Shutdown.
         Starting System Logging Service...
         Starting Discard unused blocks...
         Starting Snap Daemon...
         Starting containerd container runtime...
[[0;32m  OK  [0m] Reached target Login Prompts (Pre).
[[0;32m  OK  [0m] Reached target Remote File Systems.
         Starting LSB: automatic crash report generation...
         Starting Permit User Sessions...
[[0;32m  OK  [0m] Started Discard unused blocks.
[[0;32m  OK  [0m] Started Permit User Sessions.
         Starting Terminate Plymouth Boot Screen...
         Starting Hold until boot process finishes up...
[[0;32m  OK  [0m] Started Hold until boot process finishes up.
[[0;32m  OK  [0m] Started Serial Getty on ttyS0.
         Starting Set console scheme...
[[0;32m  OK  [0m] Started LXD - container startup/shutdown.
[[0;32m  OK  [0m] Started Terminate Plymouth Boot Screen.
         Starting Authorization Manager...
[[0;32m  OK  [0m] Started OpenBSD Secure Shell server.
[[0;32m  OK  [0m] Started Set console scheme.
[[0;32m  OK  [0m] Created slice system-getty.slice.
[[0;32m  OK  [0m] Started Getty on tty1.
[[0;32m  OK  [0m] Reached target Login Prompts.
[[0;32m  OK  [0m] Started System Logging Service.
[[0;32m  OK  [0m] Started LSB: Record successful boot for GRUB.
[[0;32m  OK  [0m] Started Authorization Manager.
[[0;32m  OK  [0m] Started Accounts Service.
[[0;32m  OK  [0m] Started LSB: automatic crash report generation.
[[0;32m  OK  [0m] Started Virtualbox guest utils.
[[0;32m  OK  [0m] Created slice User Slice of vagrant.
         Starting User Manager for UID 1000...
[[0;32m  OK  [0m] Started Session 1 of user vagrant.
[[0;32m  OK  [0m] Started Dispatcher daemon for systemd-networkd.
[[0;32m  OK  [0m] Started User Manager for UID 1000.
[[0;32m  OK  [0m] Started Snap Daemon.
         Starting Wait until snapd is fully seeded...
         Starting Time & Date Service...

Ubuntu 18.04.6 LTS kubenode4 ttyS0

kubenode4 login: [   60.473784] cloud-init[986]: Cloud-init v. 23.1.2-0ubuntu0~18.04.1 running 'modules:config' at Tue, 26 Nov 2024 09:23:24 +0000. Up 56.64 seconds.
[   71.080939] cloud-init[1887]: Cloud-init v. 23.1.2-0ubuntu0~18.04.1 running 'modules:final' at Tue, 26 Nov 2024 09:23:36 +0000. Up 68.63 seconds.
[   71.105191] cloud-init[1887]: Cloud-init v. 23.1.2-0ubuntu0~18.04.1 finished at Tue, 26 Nov 2024 09:23:38 +0000. Datasource DataSourceNoCloud [seed=/dev/sdb][dsmode=net].  Up 70.99 seconds
